  [1m[35m (0.7ms)[0m  [1m[34mSELECT sqlite_version(*)[0m
  [1m[35m (2.9ms)[0m  [1m[35mCREATE TABLE "schema_migrations" ("version" varchar NOT NULL PRIMARY KEY)[0m
  [1m[35m (1.4ms)[0m  [1m[35mCREATE TABLE "ar_internal_metadata" ("key" varchar NOT NULL PRIMARY KEY, "value" varchar, "created_at" datetime NOT NULL, "updated_at" datetime NOT NULL)[0m
  [1m[35m (0.4ms)[0m  [1m[34mSELECT "schema_migrations"."version" FROM "schema_migrations" ORDER BY "schema_migrations"."version" ASC[0m
Migrating to CreateProducts (20171007131041)
  [1m[35m (0.1ms)[0m  [1m[36mbegin transaction[0m
  [1m[35m (0.8ms)[0m  [1m[35mCREATE TABLE "products" ("id" INTEGER PRIMARY KEY AUTOINCREMENT NOT NULL, "title" varchar, "description" text, "image_url" varchar, "price" decimal(8,2), "created_at" datetime NOT NULL, "updated_at" datetime NOT NULL)[0m
  [1m[35mSQL (0.6ms)[0m  [1m[32mINSERT INTO "schema_migrations" ("version") VALUES (?)[0m  [["version", "20171007131041"]]
  [1m[35m (1.5ms)[0m  [1m[36mcommit transaction[0m
  [1m[36mActiveRecord::InternalMetadata Load (0.2ms)[0m  [1m[34mSELECT  "ar_internal_metadata".* FROM "ar_internal_metadata" WHERE "ar_internal_metadata"."key" = ? LIMIT ?[0m  [["key", "environment"], ["LIMIT", 1]]
  [1m[35m (0.1ms)[0m  [1m[36mbegin transaction[0m
  [1m[35mSQL (0.5ms)[0m  [1m[32mINSERT INTO "ar_internal_metadata" ("key", "value", "created_at", "updated_at") VALUES (?, ?, ?, ?)[0m  [["key", "environment"], ["value", "development"], ["created_at", "2017-10-07 16:24:13.199367"], ["updated_at", "2017-10-07 16:24:13.199367"]]
  [1m[35m (1.5ms)[0m  [1m[36mcommit transaction[0m
  [1m[35m (0.1ms)[0m  [1m[34mSELECT "schema_migrations"."version" FROM "schema_migrations" ORDER BY "schema_migrations"."version" ASC[0m
Started GET "/" for 127.0.0.1 at 2017-10-07 17:26:05 +0100
  [1m[35m (0.1ms)[0m  [1m[34mSELECT "schema_migrations"."version" FROM "schema_migrations" ORDER BY "schema_migrations"."version" ASC[0m
Processing by Rails::WelcomeController#index as HTML
  Rendering /usr/local/lib/ruby/gems/2.4.0/gems/railties-5.1.4/lib/rails/templates/rails/welcome/index.html.erb
  Rendered /usr/local/lib/ruby/gems/2.4.0/gems/railties-5.1.4/lib/rails/templates/rails/welcome/index.html.erb (3.4ms)
Completed 200 OK in 21ms (Views: 9.5ms | ActiveRecord: 0.0ms)


Started GET "/products" for 127.0.0.1 at 2017-10-07 17:26:46 +0100
Processing by ProductsController#index as HTML
  Rendering products/index.html.erb within layouts/application
  [1m[36mProduct Load (0.1ms)[0m  [1m[34mSELECT "products".* FROM "products"[0m
  Rendered products/index.html.erb within layouts/application (3.3ms)
Completed 200 OK in 788ms (Views: 779.2ms | ActiveRecord: 0.8ms)


Started GET "/products/new" for 127.0.0.1 at 2017-10-07 17:26:50 +0100
Processing by ProductsController#new as HTML
  Rendering products/new.html.erb within layouts/application
  Rendered products/_form.html.erb (21.4ms)
  Rendered products/new.html.erb within layouts/application (24.6ms)
Completed 200 OK in 62ms (Views: 47.1ms | ActiveRecord: 0.8ms)


Started GET "/products/new" for 127.0.0.1 at 2017-10-07 17:27:20 +0100
Processing by ProductsController#new as HTML
  Rendering products/new.html.erb within layouts/application
  Rendered products/_form.html.erb (2.7ms)
  Rendered products/new.html.erb within layouts/application (5.5ms)
Completed 200 OK in 32ms (Views: 28.6ms | ActiveRecord: 0.0ms)


Started GET "/products/new" for 127.0.0.1 at 2017-10-07 17:28:53 +0100
Processing by ProductsController#new as HTML
  Rendering products/new.html.erb within layouts/application
  Rendered products/_form.html.erb (2.6ms)
  Rendered products/new.html.erb within layouts/application (5.7ms)
Completed 200 OK in 31ms (Views: 27.7ms | ActiveRecord: 0.0ms)


Started GET "/products/new" for 127.0.0.1 at 2017-10-07 17:29:17 +0100
Processing by ProductsController#new as HTML
  Rendering products/new.html.erb within layouts/application
  Rendered products/_form.html.erb (2.4ms)
  Rendered products/new.html.erb within layouts/application (4.7ms)
Completed 200 OK in 31ms (Views: 28.3ms | ActiveRecord: 0.0ms)


Started GET "/products/new" for 127.0.0.1 at 2017-10-07 17:29:18 +0100
Processing by ProductsController#new as HTML
  Rendering products/new.html.erb within layouts/application
  Rendered products/_form.html.erb (2.6ms)
  Rendered products/new.html.erb within layouts/application (5.0ms)
Completed 200 OK in 41ms (Views: 37.9ms | ActiveRecord: 0.0ms)


Started GET "/products/new" for 127.0.0.1 at 2017-10-07 17:29:31 +0100
Processing by ProductsController#new as HTML
  Rendering products/new.html.erb within layouts/application
  Rendered products/_form.html.erb (2.7ms)
  Rendered products/new.html.erb within layouts/application (5.4ms)
Completed 200 OK in 30ms (Views: 26.6ms | ActiveRecord: 0.0ms)


Started GET "/products/new" for 127.0.0.1 at 2017-10-07 17:29:42 +0100
Processing by ProductsController#new as HTML
  Rendering products/new.html.erb within layouts/application
  Rendered products/_form.html.erb (3.2ms)
  Rendered products/new.html.erb within layouts/application (5.5ms)
Completed 200 OK in 25ms (Views: 22.5ms | ActiveRecord: 0.0ms)


Started GET "/products/new" for 127.0.0.1 at 2017-10-07 17:33:16 +0100
Processing by ProductsController#new as HTML
  Rendering products/new.html.erb within layouts/application
  Rendered products/_form.html.erb (2.2ms)
  Rendered products/new.html.erb within layouts/application (4.5ms)
Completed 200 OK in 53ms (Views: 50.2ms | ActiveRecord: 0.0ms)


Started GET "/products/new" for 127.0.0.1 at 2017-10-07 17:33:17 +0100
Processing by ProductsController#new as HTML
  Rendering products/new.html.erb within layouts/application
  Rendered products/_form.html.erb (2.3ms)
  Rendered products/new.html.erb within layouts/application (5.0ms)
Completed 200 OK in 36ms (Views: 33.4ms | ActiveRecord: 0.0ms)


Started GET "/" for 127.0.0.1 at 2017-10-07 17:33:40 +0100
Processing by Rails::WelcomeController#index as HTML
  Rendering /usr/local/lib/ruby/gems/2.4.0/gems/railties-5.1.4/lib/rails/templates/rails/welcome/index.html.erb
  Rendered /usr/local/lib/ruby/gems/2.4.0/gems/railties-5.1.4/lib/rails/templates/rails/welcome/index.html.erb (2.3ms)
Completed 200 OK in 8ms (Views: 5.0ms | ActiveRecord: 0.0ms)


Started GET "/products" for 127.0.0.1 at 2017-10-07 17:33:45 +0100
Processing by ProductsController#index as HTML
  Rendering products/index.html.erb within layouts/application
  [1m[36mProduct Load (0.4ms)[0m  [1m[34mSELECT "products".* FROM "products"[0m
  Rendered products/index.html.erb within layouts/application (1.9ms)
Completed 200 OK in 49ms (Views: 46.3ms | ActiveRecord: 0.4ms)


Started GET "/products/new" for 127.0.0.1 at 2017-10-07 17:33:46 +0100
Processing by ProductsController#new as HTML
  Rendering products/new.html.erb within layouts/application
  Rendered products/_form.html.erb (3.9ms)
  Rendered products/new.html.erb within layouts/application (7.3ms)
Completed 200 OK in 36ms (Views: 33.0ms | ActiveRecord: 0.0ms)


Started POST "/products" for 127.0.0.1 at 2017-10-07 17:38:10 +0100
Processing by ProductsController#create as HTML
  Parameters: {"utf8"=>"✓", "authenticity_token"=>"O8AuvOG0frwZHnlSV7VMT2swf7V4RHoOD52RzYOBC0qUdsaGB1X7VIDKMh0r3OgdSPG6hqfMBKZzp+mJvRjxVw==", "product"=>{"title"=>"Seven Mobile Apps in Seven Weeks", "description"=>"<p>\r\n      <em>Native Apps, Multiple Platforms</em>\r\n      Answer the question “Can we build this for ALL the devices?” with a\r\n      resounding YES. This book will help you get there with a real-world\r\n      introduction to seven platforms, whether you’re new to mobile or an\r\n      experienced developer needing to expand your options. Plus, you’ll find\r\n      out which cross-platform solution makes the most sense for your needs.\r\n      </p>", "image_url"=>"/images/7apps.jpg", "price"=>"26.00"}, "commit"=>"Create Product"}
  [1m[35m (0.1ms)[0m  [1m[36mbegin transaction[0m
  [1m[35mSQL (0.7ms)[0m  [1m[32mINSERT INTO "products" ("title", "description", "image_url", "price", "created_at", "updated_at") VALUES (?, ?, ?, ?, ?, ?)[0m  [["title", "Seven Mobile Apps in Seven Weeks"], ["description", "<p>\r\n      <em>Native Apps, Multiple Platforms</em>\r\n      Answer the question “Can we build this for ALL the devices?” with a\r\n      resounding YES. This book will help you get there with a real-world\r\n      introduction to seven platforms, whether you’re new to mobile or an\r\n      experienced developer needing to expand your options. Plus, you’ll find\r\n      out which cross-platform solution makes the most sense for your needs.\r\n      </p>"], ["image_url", "/images/7apps.jpg"], ["price", 26.0], ["created_at", "2017-10-07 16:38:10.131092"], ["updated_at", "2017-10-07 16:38:10.131092"]]
  [1m[35m (0.9ms)[0m  [1m[36mcommit transaction[0m
Redirected to http://localhost:3000/products/1
Completed 302 Found in 8ms (ActiveRecord: 1.7ms)


Started GET "/products/1" for 127.0.0.1 at 2017-10-07 17:38:10 +0100
Processing by ProductsController#show as HTML
  Parameters: {"id"=>"1"}
  [1m[36mProduct Load (0.3ms)[0m  [1m[34mSELECT  "products".* FROM "products" WHERE "products"."id" = ? LIMIT ?[0m  [["id", 1], ["LIMIT", 1]]
  Rendering products/show.html.erb within layouts/application
  Rendered products/show.html.erb within layouts/application (0.9ms)
Completed 200 OK in 60ms (Views: 49.8ms | ActiveRecord: 0.3ms)


Started GET "/products" for 127.0.0.1 at 2017-10-07 17:38:26 +0100
Processing by ProductsController#index as HTML
  Rendering products/index.html.erb within layouts/application
  [1m[36mProduct Load (0.3ms)[0m  [1m[34mSELECT "products".* FROM "products"[0m
  Rendered products/index.html.erb within layouts/application (2.3ms)
Completed 200 OK in 29ms (Views: 24.9ms | ActiveRecord: 0.3ms)


  [1m[35m (0.3ms)[0m  [1m[34mSELECT "schema_migrations"."version" FROM "schema_migrations" ORDER BY "schema_migrations"."version" ASC[0m
  [1m[35mSQL (2.7ms)[0m  [1m[31mDELETE FROM "products"[0m
  [1m[35m (0.1ms)[0m  [1m[36mbegin transaction[0m
  [1m[35mSQL (0.4ms)[0m  [1m[32mINSERT INTO "products" ("title", "description", "image_url", "price", "created_at", "updated_at") VALUES (?, ?, ?, ?, ?, ?)[0m  [["title", "Rails, Angular, Postgres, and Bootstrap"], ["description", "<p>\n      <em>Powerful, Effective, and Efficient Full-Stack Web Development</em>\n      As a Rails developer, you care about user experience and performance,\n      but you also want simple and maintainable code. Achieve all that by\n      embracing the full stack of web development, from styling with\n      Bootstrap, building an interactive user interface with AngularJS, to\n      storing data quickly and reliably in PostgreSQL. Take a holistic view of\n      full-stack development to create usable, high-performing applications,\n      and learn to use these technologies effectively in a Ruby on Rails\n      environment.\n      </p>"], ["image_url", "dcbang.jpg"], ["price", 45.0], ["created_at", "2017-10-07 16:49:36.120394"], ["updated_at", "2017-10-07 16:49:36.120394"]]
  [1m[35m (0.7ms)[0m  [1m[36mcommit transaction[0m
  [1m[35m (0.0ms)[0m  [1m[36mbegin transaction[0m
  [1m[35mSQL (0.4ms)[0m  [1m[32mINSERT INTO "products" ("title", "description", "image_url", "price", "created_at", "updated_at") VALUES (?, ?, ?, ?, ?, ?)[0m  [["title", "Seven Mobile Apps in Seven Weeks"], ["description", "<p>\n      <em>Native Apps, Multiple Platforms</em>\n      Answer the question “Can we build this for ALL the devices?” with a\n      resounding YES. This book will help you get there with a real-world\n      introduction to seven platforms, whether you’re new to mobile or an\n      experienced developer needing to expand your options. Plus, you’ll find\n      out which cross-platform solution makes the most sense for your needs.\n      </p>"], ["image_url", "7apps.jpg"], ["price", 26.0], ["created_at", "2017-10-07 16:49:36.123495"], ["updated_at", "2017-10-07 16:49:36.123495"]]
  [1m[35m (0.7ms)[0m  [1m[36mcommit transaction[0m
  [1m[35m (0.1ms)[0m  [1m[36mbegin transaction[0m
  [1m[35mSQL (0.4ms)[0m  [1m[32mINSERT INTO "products" ("title", "description", "image_url", "price", "created_at", "updated_at") VALUES (?, ?, ?, ?, ?, ?)[0m  [["title", "Ruby Performance Optimization"], ["description", "<p>\n      <em>Why Ruby Is Slow, and How to Fix It</em> \n      You don’t have to accept slow Ruby or Rails performance. In this\n      comprehensive guide to Ruby optimization, you’ll learn how to write\n      faster Ruby code—but that’s just the beginning. See exactly what makes\n      Ruby and Rails code slow, and how to fix it. Alex Dymo will guide you\n      through perils of memory and CPU optimization, profiling, measuring,\n      performance testing, garbage collection, and tuning. You’ll find that\n      all those “hard” things aren’t so difficult after all, and your code\n      will run orders of magnitude faster.\n      </p>"], ["image_url", "adrpo.jpg"], ["price", 46.0], ["created_at", "2017-10-07 16:49:36.125873"], ["updated_at", "2017-10-07 16:49:36.125873"]]
  [1m[35m (0.8ms)[0m  [1m[36mcommit transaction[0m
Started GET "/products" for 127.0.0.1 at 2017-10-07 17:49:41 +0100
  [1m[35m (0.1ms)[0m  [1m[34mSELECT "schema_migrations"."version" FROM "schema_migrations" ORDER BY "schema_migrations"."version" ASC[0m
Processing by ProductsController#index as HTML
  Rendering products/index.html.erb within layouts/application
  [1m[36mProduct Load (0.2ms)[0m  [1m[34mSELECT "products".* FROM "products"[0m
  Rendered products/index.html.erb within layouts/application (10.7ms)
Completed 200 OK in 277ms (Views: 265.8ms | ActiveRecord: 0.8ms)


Started GET "/products" for 127.0.0.1 at 2017-10-07 17:56:58 +0100
Processing by ProductsController#index as HTML
  Rendering products/index.html.erb within layouts/application
  [1m[36mProduct Load (0.1ms)[0m  [1m[34mSELECT "products".* FROM "products"[0m
  Rendered products/index.html.erb within layouts/application (3.0ms)
Completed 500 Internal Server Error in 31ms (ActiveRecord: 0.5ms)


  
ActionView::Template::Error (Invalid CSS after "		margin: 0; ➤": expected "{", was "}"):
    4:     <title>Depot</title>
    5:     <%= csrf_meta_tags %>
    6: 
    7:     <%= stylesheet_link_tag    'application', media: 'all', 'data-turbolinks-track': 'reload' %>
    8:     <%= javascript_include_tag 'application', 'data-turbolinks-track': 'reload' %>
    9:   </head>
   10: 
  
app/assets/stylesheets/products.scss:31
app/views/layouts/application.html.erb:7:in `_app_views_layouts_application_html_erb__565120748359823245_70202729820860'
Started GET "/products" for 127.0.0.1 at 2017-10-07 17:57:08 +0100
Processing by ProductsController#index as HTML
  Rendering products/index.html.erb within layouts/application
  [1m[36mProduct Load (0.2ms)[0m  [1m[34mSELECT "products".* FROM "products"[0m
  Rendered products/index.html.erb within layouts/application (2.2ms)
Completed 500 Internal Server Error in 26ms (ActiveRecord: 0.2ms)


  
ActionView::Template::Error (Invalid CSS after "x": expected "{", was ""):
    4:     <title>Depot</title>
    5:     <%= csrf_meta_tags %>
    6: 
    7:     <%= stylesheet_link_tag    'application', media: 'all', 'data-turbolinks-track': 'reload' %>
    8:     <%= javascript_include_tag 'application', 'data-turbolinks-track': 'reload' %>
    9:   </head>
   10: 
  
app/assets/stylesheets/products.scss:49
app/views/layouts/application.html.erb:7:in `_app_views_layouts_application_html_erb__565120748359823245_70202714459880'
Started GET "/products" for 127.0.0.1 at 2017-10-07 17:57:13 +0100
Processing by ProductsController#index as HTML
  Rendering products/index.html.erb within layouts/application
  [1m[36mProduct Load (0.2ms)[0m  [1m[34mSELECT "products".* FROM "products"[0m
  Rendered products/index.html.erb within layouts/application (2.9ms)
Completed 200 OK in 51ms (Views: 48.4ms | ActiveRecord: 0.2ms)


Started GET "/products/2" for 127.0.0.1 at 2017-10-07 17:57:16 +0100
Processing by ProductsController#show as HTML
  Parameters: {"id"=>"2"}
  [1m[36mProduct Load (0.3ms)[0m  [1m[34mSELECT  "products".* FROM "products" WHERE "products"."id" = ? LIMIT ?[0m  [["id", 2], ["LIMIT", 1]]
  Rendering products/show.html.erb within layouts/application
  Rendered products/show.html.erb within layouts/application (0.9ms)
Completed 200 OK in 33ms (Views: 26.4ms | ActiveRecord: 0.3ms)


Started GET "/products" for 127.0.0.1 at 2017-10-07 17:57:20 +0100
Processing by ProductsController#index as HTML
  Rendering products/index.html.erb within layouts/application
  [1m[36mProduct Load (0.2ms)[0m  [1m[34mSELECT "products".* FROM "products"[0m
  Rendered products/index.html.erb within layouts/application (2.6ms)
Completed 200 OK in 36ms (Views: 32.2ms | ActiveRecord: 0.2ms)


Started GET "/products/2" for 127.0.0.1 at 2017-10-07 17:57:36 +0100
Processing by ProductsController#show as HTML
  Parameters: {"id"=>"2"}
  [1m[36mProduct Load (0.2ms)[0m  [1m[34mSELECT  "products".* FROM "products" WHERE "products"."id" = ? LIMIT ?[0m  [["id", 2], ["LIMIT", 1]]
  Rendering products/show.html.erb within layouts/application
  Rendered products/show.html.erb within layouts/application (0.8ms)
Completed 200 OK in 30ms (Views: 26.0ms | ActiveRecord: 0.2ms)


Started GET "/products" for 127.0.0.1 at 2017-10-07 17:57:38 +0100
Processing by ProductsController#index as HTML
  Rendering products/index.html.erb within layouts/application
  [1m[36mProduct Load (0.2ms)[0m  [1m[34mSELECT "products".* FROM "products"[0m
  Rendered products/index.html.erb within layouts/application (2.5ms)
Completed 200 OK in 34ms (Views: 30.4ms | ActiveRecord: 0.2ms)


Started GET "/products/3" for 127.0.0.1 at 2017-10-07 17:57:39 +0100
Processing by ProductsController#show as HTML
  Parameters: {"id"=>"3"}
  [1m[36mProduct Load (0.2ms)[0m  [1m[34mSELECT  "products".* FROM "products" WHERE "products"."id" = ? LIMIT ?[0m  [["id", 3], ["LIMIT", 1]]
  Rendering products/show.html.erb within layouts/application
  Rendered products/show.html.erb within layouts/application (0.8ms)
Completed 200 OK in 34ms (Views: 30.0ms | ActiveRecord: 0.2ms)


Started GET "/products" for 127.0.0.1 at 2017-10-07 17:57:42 +0100
Processing by ProductsController#index as HTML
  Rendering products/index.html.erb within layouts/application
  [1m[36mProduct Load (0.2ms)[0m  [1m[34mSELECT "products".* FROM "products"[0m
  Rendered products/index.html.erb within layouts/application (2.1ms)
Completed 200 OK in 35ms (Views: 29.8ms | ActiveRecord: 0.2ms)


Started GET "/products" for 127.0.0.1 at 2017-10-07 17:58:10 +0100
  [1m[35m (0.1ms)[0m  [1m[34mSELECT "schema_migrations"."version" FROM "schema_migrations" ORDER BY "schema_migrations"."version" ASC[0m
Processing by ProductsController#index as HTML
  Rendering products/index.html.erb within layouts/application
  [1m[36mProduct Load (0.2ms)[0m  [1m[34mSELECT "products".* FROM "products"[0m
  Rendered products/index.html.erb within layouts/application (13.3ms)
Completed 200 OK in 255ms (Views: 242.6ms | ActiveRecord: 0.7ms)


Started GET "/products" for 127.0.0.1 at 2017-10-07 17:58:11 +0100
Processing by ProductsController#index as HTML
  Rendering products/index.html.erb within layouts/application
  [1m[36mProduct Load (0.1ms)[0m  [1m[34mSELECT "products".* FROM "products"[0m
  Rendered products/index.html.erb within layouts/application (2.7ms)
Completed 200 OK in 27ms (Views: 23.3ms | ActiveRecord: 0.4ms)


Started GET "/products/2" for 127.0.0.1 at 2017-10-07 17:58:12 +0100
Processing by ProductsController#show as HTML
  Parameters: {"id"=>"2"}
  [1m[36mProduct Load (0.3ms)[0m  [1m[34mSELECT  "products".* FROM "products" WHERE "products"."id" = ? LIMIT ?[0m  [["id", 2], ["LIMIT", 1]]
  Rendering products/show.html.erb within layouts/application
  Rendered products/show.html.erb within layouts/application (13.3ms)
Completed 200 OK in 43ms (Views: 35.6ms | ActiveRecord: 0.3ms)


Started GET "/products" for 127.0.0.1 at 2017-10-07 17:58:14 +0100
Processing by ProductsController#index as HTML
  Rendering products/index.html.erb within layouts/application
  [1m[36mProduct Load (0.3ms)[0m  [1m[34mSELECT "products".* FROM "products"[0m
  Rendered products/index.html.erb within layouts/application (2.5ms)
Completed 200 OK in 28ms (Views: 24.5ms | ActiveRecord: 0.3ms)


Started GET "/products" for 127.0.0.1 at 2017-10-07 18:12:57 +0100
Processing by ProductsController#index as HTML
  Rendering products/index.html.erb within layouts/application
  [1m[36mProduct Load (0.2ms)[0m  [1m[34mSELECT "products".* FROM "products"[0m
  Rendered products/index.html.erb within layouts/application (23.8ms)
Completed 200 OK in 47ms (Views: 44.0ms | ActiveRecord: 0.2ms)


Started GET "/products/2" for 127.0.0.1 at 2017-10-07 18:13:15 +0100
Processing by ProductsController#show as HTML
  Parameters: {"id"=>"2"}
  [1m[36mProduct Load (0.3ms)[0m  [1m[34mSELECT  "products".* FROM "products" WHERE "products"."id" = ? LIMIT ?[0m  [["id", 2], ["LIMIT", 1]]
  Rendering products/show.html.erb within layouts/application
  Rendered products/show.html.erb within layouts/application (0.9ms)
Completed 200 OK in 28ms (Views: 23.8ms | ActiveRecord: 0.3ms)


Started GET "/products" for 127.0.0.1 at 2017-10-07 18:13:17 +0100
Processing by ProductsController#index as HTML
  Rendering products/index.html.erb within layouts/application
  [1m[36mProduct Load (0.2ms)[0m  [1m[34mSELECT "products".* FROM "products"[0m
  Rendered products/index.html.erb within layouts/application (7.2ms)
Completed 200 OK in 39ms (Views: 34.3ms | ActiveRecord: 0.2ms)


Started GET "/products" for 127.0.0.1 at 2017-10-07 18:13:57 +0100
Processing by ProductsController#index as HTML
  Rendering products/index.html.erb within layouts/application
  [1m[36mProduct Load (0.2ms)[0m  [1m[34mSELECT "products".* FROM "products"[0m
  Rendered products/index.html.erb within layouts/application (6.3ms)
Completed 200 OK in 56ms (Views: 52.6ms | ActiveRecord: 0.2ms)


Started GET "/products" for 127.0.0.1 at 2017-10-07 18:14:14 +0100
Processing by ProductsController#index as HTML
  Rendering products/index.html.erb within layouts/application
  [1m[36mProduct Load (0.2ms)[0m  [1m[34mSELECT "products".* FROM "products"[0m
  Rendered products/index.html.erb within layouts/application (6.0ms)
Completed 200 OK in 50ms (Views: 47.4ms | ActiveRecord: 0.2ms)


Started GET "/products" for 127.0.0.1 at 2017-10-07 18:14:33 +0100
Processing by ProductsController#index as HTML
  Rendering products/index.html.erb within layouts/application
  [1m[36mProduct Load (0.2ms)[0m  [1m[34mSELECT "products".* FROM "products"[0m
  Rendered products/index.html.erb within layouts/application (6.0ms)
Completed 200 OK in 30ms (Views: 27.0ms | ActiveRecord: 0.2ms)


Started GET "/products" for 127.0.0.1 at 2017-10-07 18:14:56 +0100
Processing by ProductsController#index as HTML
  Rendering products/index.html.erb within layouts/application
  [1m[36mProduct Load (0.2ms)[0m  [1m[34mSELECT "products".* FROM "products"[0m
  Rendered products/index.html.erb within layouts/application (6.2ms)
Completed 200 OK in 54ms (Views: 51.2ms | ActiveRecord: 0.2ms)


Started GET "/products" for 127.0.0.1 at 2017-10-07 18:15:37 +0100
Processing by ProductsController#index as HTML
  Rendering products/index.html.erb within layouts/application
  [1m[36mProduct Load (0.2ms)[0m  [1m[34mSELECT "products".* FROM "products"[0m
  Rendered products/index.html.erb within layouts/application (6.3ms)
Completed 200 OK in 52ms (Views: 49.1ms | ActiveRecord: 0.2ms)


Started GET "/products" for 127.0.0.1 at 2017-10-07 18:16:36 +0100
Processing by ProductsController#index as HTML
  Rendering products/index.html.erb within layouts/application
  [1m[36mProduct Load (0.2ms)[0m  [1m[34mSELECT "products".* FROM "products"[0m
  Rendered products/index.html.erb within layouts/application (6.0ms)
Completed 200 OK in 32ms (Views: 29.2ms | ActiveRecord: 0.2ms)


Started GET "/products" for 127.0.0.1 at 2017-10-07 18:16:50 +0100
Processing by ProductsController#index as HTML
  Rendering products/index.html.erb within layouts/application
  [1m[36mProduct Load (0.2ms)[0m  [1m[34mSELECT "products".* FROM "products"[0m
  Rendered products/index.html.erb within layouts/application (7.7ms)
Completed 200 OK in 39ms (Views: 35.8ms | ActiveRecord: 0.2ms)


Started GET "/products" for 127.0.0.1 at 2017-10-07 18:17:05 +0100
Processing by ProductsController#index as HTML
  Rendering products/index.html.erb within layouts/application
  [1m[36mProduct Load (0.2ms)[0m  [1m[34mSELECT "products".* FROM "products"[0m
  Rendered products/index.html.erb within layouts/application (6.2ms)
Completed 200 OK in 51ms (Views: 48.9ms | ActiveRecord: 0.2ms)


Started GET "/products" for 127.0.0.1 at 2017-10-07 18:19:50 +0100
Processing by ProductsController#index as HTML
  Rendering products/index.html.erb within layouts/application
  [1m[36mProduct Load (0.2ms)[0m  [1m[34mSELECT "products".* FROM "products"[0m
  Rendered products/index.html.erb within layouts/application (6.7ms)
Completed 200 OK in 52ms (Views: 49.3ms | ActiveRecord: 0.2ms)


Started GET "/products" for 127.0.0.1 at 2017-10-07 18:19:51 +0100
Processing by ProductsController#index as HTML
  Rendering products/index.html.erb within layouts/application
  [1m[36mProduct Load (0.2ms)[0m  [1m[34mSELECT "products".* FROM "products"[0m
  Rendered products/index.html.erb within layouts/application (6.3ms)
Completed 200 OK in 43ms (Views: 39.9ms | ActiveRecord: 0.2ms)


Started GET "/products" for 127.0.0.1 at 2017-10-07 18:20:07 +0100
Processing by ProductsController#index as HTML
  Rendering products/index.html.erb within layouts/application
  [1m[36mProduct Load (0.2ms)[0m  [1m[34mSELECT "products".* FROM "products"[0m
  Rendered products/index.html.erb within layouts/application (6.0ms)
Completed 200 OK in 53ms (Views: 50.7ms | ActiveRecord: 0.2ms)


Started GET "/products" for 127.0.0.1 at 2017-10-07 18:20:31 +0100
Processing by ProductsController#index as HTML
  Rendering products/index.html.erb within layouts/application
  [1m[36mProduct Load (0.2ms)[0m  [1m[34mSELECT "products".* FROM "products"[0m
  Rendered products/index.html.erb within layouts/application (6.0ms)
Completed 200 OK in 51ms (Views: 47.5ms | ActiveRecord: 0.2ms)


Started GET "/products" for 127.0.0.1 at 2017-10-07 18:20:36 +0100
Processing by ProductsController#index as HTML
  Rendering products/index.html.erb within layouts/application
  [1m[36mProduct Load (0.2ms)[0m  [1m[34mSELECT "products".* FROM "products"[0m
  Rendered products/index.html.erb within layouts/application (7.8ms)
Completed 200 OK in 76ms (Views: 72.6ms | ActiveRecord: 0.2ms)


Started GET "/products" for 127.0.0.1 at 2017-10-07 18:20:41 +0100
Processing by ProductsController#index as HTML
  Rendering products/index.html.erb within layouts/application
  [1m[36mProduct Load (0.2ms)[0m  [1m[34mSELECT "products".* FROM "products"[0m
  Rendered products/index.html.erb within layouts/application (6.2ms)
Completed 200 OK in 51ms (Views: 49.1ms | ActiveRecord: 0.2ms)


Started GET "/products" for 127.0.0.1 at 2017-10-07 18:20:47 +0100
Processing by ProductsController#index as HTML
  Rendering products/index.html.erb within layouts/application
  [1m[36mProduct Load (0.2ms)[0m  [1m[34mSELECT "products".* FROM "products"[0m
  Rendered products/index.html.erb within layouts/application (6.8ms)
Completed 200 OK in 56ms (Views: 53.5ms | ActiveRecord: 0.2ms)


Started GET "/products" for 127.0.0.1 at 2017-10-07 18:21:01 +0100
Processing by ProductsController#index as HTML
  Rendering products/index.html.erb within layouts/application
  [1m[36mProduct Load (0.2ms)[0m  [1m[34mSELECT "products".* FROM "products"[0m
  Rendered products/index.html.erb within layouts/application (8.0ms)
Completed 200 OK in 58ms (Views: 55.0ms | ActiveRecord: 0.2ms)


Started GET "/products" for 127.0.0.1 at 2017-10-07 18:21:02 +0100
Processing by ProductsController#index as HTML
  Rendering products/index.html.erb within layouts/application
  [1m[36mProduct Load (0.2ms)[0m  [1m[34mSELECT "products".* FROM "products"[0m
  Rendered products/index.html.erb within layouts/application (6.4ms)
Completed 200 OK in 29ms (Views: 25.8ms | ActiveRecord: 0.2ms)


Started GET "/products" for 127.0.0.1 at 2017-10-07 18:21:07 +0100
Processing by ProductsController#index as HTML
  Rendering products/index.html.erb within layouts/application
  [1m[36mProduct Load (0.2ms)[0m  [1m[34mSELECT "products".* FROM "products"[0m
  Rendered products/index.html.erb within layouts/application (6.0ms)
Completed 200 OK in 62ms (Views: 58.9ms | ActiveRecord: 0.2ms)


Started GET "/products" for 127.0.0.1 at 2017-10-07 18:21:07 +0100
Processing by ProductsController#index as HTML
  Rendering products/index.html.erb within layouts/application
  [1m[36mProduct Load (0.2ms)[0m  [1m[34mSELECT "products".* FROM "products"[0m
  Rendered products/index.html.erb within layouts/application (7.3ms)
Completed 200 OK in 45ms (Views: 42.1ms | ActiveRecord: 0.2ms)


Started GET "/products" for 127.0.0.1 at 2017-10-07 18:21:22 +0100
Processing by ProductsController#index as HTML
  Rendering products/index.html.erb within layouts/application
  [1m[36mProduct Load (0.2ms)[0m  [1m[34mSELECT "products".* FROM "products"[0m
  Rendered products/index.html.erb within layouts/application (7.9ms)
Completed 200 OK in 60ms (Views: 57.0ms | ActiveRecord: 0.2ms)


Started GET "/products" for 127.0.0.1 at 2017-10-07 18:21:22 +0100
Processing by ProductsController#index as HTML
  Rendering products/index.html.erb within layouts/application
  [1m[36mProduct Load (0.2ms)[0m  [1m[34mSELECT "products".* FROM "products"[0m
  Rendered products/index.html.erb within layouts/application (8.2ms)
Completed 200 OK in 36ms (Views: 33.2ms | ActiveRecord: 0.2ms)


Started GET "/products/2" for 127.0.0.1 at 2017-10-07 18:21:44 +0100
Processing by ProductsController#show as HTML
  Parameters: {"id"=>"2"}
  [1m[36mProduct Load (0.2ms)[0m  [1m[34mSELECT  "products".* FROM "products" WHERE "products"."id" = ? LIMIT ?[0m  [["id", 2], ["LIMIT", 1]]
  Rendering products/show.html.erb within layouts/application
  Rendered products/show.html.erb within layouts/application (0.8ms)
Completed 200 OK in 27ms (Views: 23.6ms | ActiveRecord: 0.2ms)


Started GET "/products/2" for 127.0.0.1 at 2017-10-07 18:21:44 +0100
Processing by ProductsController#show as HTML
  Parameters: {"id"=>"2"}
  [1m[36mProduct Load (0.1ms)[0m  [1m[34mSELECT  "products".* FROM "products" WHERE "products"."id" = ? LIMIT ?[0m  [["id", 2], ["LIMIT", 1]]
  Rendering products/show.html.erb within layouts/application
  Rendered products/show.html.erb within layouts/application (2.2ms)
Completed 200 OK in 44ms (Views: 41.1ms | ActiveRecord: 0.1ms)


Started GET "/products" for 127.0.0.1 at 2017-10-07 18:21:45 +0100
Processing by ProductsController#index as HTML
  Rendering products/index.html.erb within layouts/application
  [1m[36mProduct Load (0.2ms)[0m  [1m[34mSELECT "products".* FROM "products"[0m
  Rendered products/index.html.erb within layouts/application (7.1ms)
Completed 200 OK in 34ms (Views: 30.0ms | ActiveRecord: 0.2ms)


  [1m[35m (0.1ms)[0m  [1m[34mSELECT "schema_migrations"."version" FROM "schema_migrations" ORDER BY "schema_migrations"."version" ASC[0m
  [1m[35m (0.1ms)[0m  [1m[34mSELECT "schema_migrations"."version" FROM "schema_migrations" ORDER BY "schema_migrations"."version" ASC[0m
Migrating to CreateProducts (20171007131041)
  [1m[35m (0.1ms)[0m  [1m[36mbegin transaction[0m
  [1m[35m (0.8ms)[0m  [1m[35mDROP TABLE "products"[0m
  [1m[35mSQL (0.2ms)[0m  [1m[31mDELETE FROM "schema_migrations" WHERE "schema_migrations"."version" = ?[0m  [["version", "20171007131041"]]
  [1m[35m (0.9ms)[0m  [1m[36mcommit transaction[0m
  [1m[35m (0.1ms)[0m  [1m[34mSELECT "schema_migrations"."version" FROM "schema_migrations" ORDER BY "schema_migrations"."version" ASC[0m
Started GET "/products" for 127.0.0.1 at 2017-10-07 18:25:41 +0100
  [1m[35m (0.1ms)[0m  [1m[34mSELECT "schema_migrations"."version" FROM "schema_migrations" ORDER BY "schema_migrations"."version" ASC[0m
  
ActiveRecord::PendingMigrationError (

Migrations are pending. To resolve this issue, run:

        bin/rails db:migrate RAILS_ENV=development

):
  
activerecord (5.1.4) lib/active_record/migration.rb:576:in `check_pending!'
activerecord (5.1.4) lib/active_record/migration.rb:553:in `call'
actionpack (5.1.4) lib/action_dispatch/middleware/callbacks.rb:26:in `block in call'
activesupport (5.1.4) lib/active_support/callbacks.rb:97:in `run_callbacks'
actionpack (5.1.4) lib/action_dispatch/middleware/callbacks.rb:24:in `call'
actionpack (5.1.4) lib/action_dispatch/middleware/executor.rb:12:in `call'
actionpack (5.1.4) lib/action_dispatch/middleware/debug_exceptions.rb:59:in `call'
web-console (3.5.1) lib/web_console/middleware.rb:135:in `call_app'
web-console (3.5.1) lib/web_console/middleware.rb:28:in `block in call'
web-console (3.5.1) lib/web_console/middleware.rb:18:in `catch'
web-console (3.5.1) lib/web_console/middleware.rb:18:in `call'
actionpack (5.1.4) lib/action_dispatch/middleware/show_exceptions.rb:31:in `call'
railties (5.1.4) lib/rails/rack/logger.rb:36:in `call_app'
railties (5.1.4) lib/rails/rack/logger.rb:24:in `block in call'
activesupport (5.1.4) lib/active_support/tagged_logging.rb:69:in `block in tagged'
activesupport (5.1.4) lib/active_support/tagged_logging.rb:26:in `tagged'
activesupport (5.1.4) lib/active_support/tagged_logging.rb:69:in `tagged'
railties (5.1.4) lib/rails/rack/logger.rb:24:in `call'
sprockets-rails (3.2.1) lib/sprockets/rails/quiet_assets.rb:13:in `call'
actionpack (5.1.4) lib/action_dispatch/middleware/remote_ip.rb:79:in `call'
actionpack (5.1.4) lib/action_dispatch/middleware/request_id.rb:25:in `call'
rack (2.0.3) lib/rack/method_override.rb:22:in `call'
rack (2.0.3) lib/rack/runtime.rb:22:in `call'
activesupport (5.1.4) lib/active_support/cache/strategy/local_cache_middleware.rb:27:in `call'
actionpack (5.1.4) lib/action_dispatch/middleware/executor.rb:12:in `call'
actionpack (5.1.4) lib/action_dispatch/middleware/static.rb:125:in `call'
rack (2.0.3) lib/rack/sendfile.rb:111:in `call'
railties (5.1.4) lib/rails/engine.rb:522:in `call'
puma (3.10.0) lib/puma/configuration.rb:225:in `call'
puma (3.10.0) lib/puma/server.rb:605:in `handle_request'
puma (3.10.0) lib/puma/server.rb:437:in `process_client'
puma (3.10.0) lib/puma/server.rb:301:in `block in run'
puma (3.10.0) lib/puma/thread_pool.rb:120:in `block in spawn_thread'
  [1m[35m (0.1ms)[0m  [1m[34mSELECT "schema_migrations"."version" FROM "schema_migrations" ORDER BY "schema_migrations"."version" ASC[0m
Migrating to CreateProducts (20171007131041)
  [1m[35m (0.0ms)[0m  [1m[36mbegin transaction[0m
  [1m[35m (0.1ms)[0m  [1m[34mSELECT sqlite_version(*)[0m
  [1m[35m (0.4ms)[0m  [1m[35mCREATE TABLE "products" ("id" INTEGER PRIMARY KEY AUTOINCREMENT NOT NULL, "title" varchar, "description" text, "image_url" varchar, "price" decimal(8,2), "created_at" datetime NOT NULL, "updated_at" datetime NOT NULL)[0m
  [1m[35mSQL (0.2ms)[0m  [1m[32mINSERT INTO "schema_migrations" ("version") VALUES (?)[0m  [["version", "20171007131041"]]
  [1m[35m (2.6ms)[0m  [1m[36mcommit transaction[0m
  [1m[36mActiveRecord::InternalMetadata Load (0.2ms)[0m  [1m[34mSELECT  "ar_internal_metadata".* FROM "ar_internal_metadata" WHERE "ar_internal_metadata"."key" = ? LIMIT ?[0m  [["key", "environment"], ["LIMIT", 1]]
  [1m[35m (0.1ms)[0m  [1m[36mbegin transaction[0m
  [1m[35m (0.1ms)[0m  [1m[36mcommit transaction[0m
  [1m[35m (0.1ms)[0m  [1m[34mSELECT "schema_migrations"."version" FROM "schema_migrations" ORDER BY "schema_migrations"."version" ASC[0m
Started GET "/products" for 127.0.0.1 at 2017-10-07 18:25:57 +0100
  [1m[35m (0.2ms)[0m  [1m[34mSELECT "schema_migrations"."version" FROM "schema_migrations" ORDER BY "schema_migrations"."version" ASC[0m
Processing by ProductsController#index as HTML
  Rendering products/index.html.erb within layouts/application
  [1m[36mProduct Load (0.2ms)[0m  [1m[34mSELECT "products".* FROM "products"[0m
  Rendered products/index.html.erb within layouts/application (2.9ms)
Completed 200 OK in 246ms (Views: 231.9ms | ActiveRecord: 0.5ms)


  [1m[35m (0.1ms)[0m  [1m[34mSELECT "schema_migrations"."version" FROM "schema_migrations" ORDER BY "schema_migrations"."version" ASC[0m
  [1m[35mSQL (2.9ms)[0m  [1m[31mDELETE FROM "products"[0m
  [1m[35m (0.1ms)[0m  [1m[36mbegin transaction[0m
  [1m[35mSQL (0.4ms)[0m  [1m[32mINSERT INTO "products" ("title", "description", "image_url", "price", "created_at", "updated_at") VALUES (?, ?, ?, ?, ?, ?)[0m  [["title", "Rails, Angular, Postgres, and Bootstrap"], ["description", "<p>\n      <em>Powerful, Effective, and Efficient Full-Stack Web Development</em>\n      As a Rails developer, you care about user experience and performance,\n      but you also want simple and maintainable code. Achieve all that by\n      embracing the full stack of web development, from styling with\n      Bootstrap, building an interactive user interface with AngularJS, to\n      storing data quickly and reliably in PostgreSQL. Take a holistic view of\n      full-stack development to create usable, high-performing applications,\n      and learn to use these technologies effectively in a Ruby on Rails\n      environment.\n      </p>"], ["image_url", "dcbang.jpg"], ["price", 45.0], ["created_at", "2017-10-07 17:26:07.487166"], ["updated_at", "2017-10-07 17:26:07.487166"]]
  [1m[35m (0.9ms)[0m  [1m[36mcommit transaction[0m
  [1m[35m (0.0ms)[0m  [1m[36mbegin transaction[0m
  [1m[35mSQL (0.4ms)[0m  [1m[32mINSERT INTO "products" ("title", "description", "image_url", "price", "created_at", "updated_at") VALUES (?, ?, ?, ?, ?, ?)[0m  [["title", "Seven Mobile Apps in Seven Weeks"], ["description", "<p>\n      <em>Native Apps, Multiple Platforms</em>\n      Answer the question “Can we build this for ALL the devices?” with a\n      resounding YES. This book will help you get there with a real-world\n      introduction to seven platforms, whether you’re new to mobile or an\n      experienced developer needing to expand your options. Plus, you’ll find\n      out which cross-platform solution makes the most sense for your needs.\n      </p>"], ["image_url", "7apps.jpg"], ["price", 26.0], ["created_at", "2017-10-07 17:26:07.490057"], ["updated_at", "2017-10-07 17:26:07.490057"]]
  [1m[35m (0.8ms)[0m  [1m[36mcommit transaction[0m
  [1m[35m (0.0ms)[0m  [1m[36mbegin transaction[0m
  [1m[35mSQL (0.3ms)[0m  [1m[32mINSERT INTO "products" ("title", "description", "image_url", "price", "created_at", "updated_at") VALUES (?, ?, ?, ?, ?, ?)[0m  [["title", "Ruby Performance Optimization"], ["description", "<p>\n      <em>Why Ruby Is Slow, and How to Fix It</em> \n      You don’t have to accept slow Ruby or Rails performance. In this\n      comprehensive guide to Ruby optimization, you’ll learn how to write\n      faster Ruby code—but that’s just the beginning. See exactly what makes\n      Ruby and Rails code slow, and how to fix it. Alex Dymo will guide you\n      through perils of memory and CPU optimization, profiling, measuring,\n      performance testing, garbage collection, and tuning. You’ll find that\n      all those “hard” things aren’t so difficult after all, and your code\n      will run orders of magnitude faster.\n      </p>"], ["image_url", "adrpo.jpg"], ["price", 46.0], ["created_at", "2017-10-07 17:26:07.492249"], ["updated_at", "2017-10-07 17:26:07.492249"]]
  [1m[35m (0.8ms)[0m  [1m[36mcommit transaction[0m
Started GET "/products" for 127.0.0.1 at 2017-10-07 18:26:11 +0100
  [1m[35m (0.1ms)[0m  [1m[34mSELECT "schema_migrations"."version" FROM "schema_migrations" ORDER BY "schema_migrations"."version" ASC[0m
Processing by ProductsController#index as HTML
  Rendering products/index.html.erb within layouts/application
  [1m[36mProduct Load (0.2ms)[0m  [1m[34mSELECT "products".* FROM "products"[0m
  Rendered products/index.html.erb within layouts/application (199.8ms)
Completed 200 OK in 239ms (Views: 228.5ms | ActiveRecord: 0.8ms)


